0 info it worked if it ends with ok
1 verbose cli [ '/usr/bin/nodejs', '/usr/bin/npm', 'start' ]
2 info using npm@3.10.9
3 info using node@v6.9.2
4 verbose run-script [ 'prestart', 'start', 'poststart' ]
5 info lifecycle bostonsharehouse.github.io@0.0.0~prestart: bostonsharehouse.github.io@0.0.0
6 silly lifecycle bostonsharehouse.github.io@0.0.0~prestart: no script for prestart, continuing
7 info lifecycle bostonsharehouse.github.io@0.0.0~start: bostonsharehouse.github.io@0.0.0
8 verbose lifecycle bostonsharehouse.github.io@0.0.0~start: unsafe-perm in lifecycle true
9 verbose lifecycle bostonsharehouse.github.io@0.0.0~start: PATH: /usr/lib/node_modules/npm/bin/node-gyp-bin:/home/pi/bostonsharehouse.github.io/node_modules/.bin:/usr/local/sbin:/usr/local/bin:/usr/sbin:/usr/bin:/sbin:/bin
10 verbose lifecycle bostonsharehouse.github.io@0.0.0~start: CWD: /home/pi/bostonsharehouse.github.io
11 silly lifecycle bostonsharehouse.github.io@0.0.0~start: Args: [ '-c', 'nodejs app.js' ]
12 silly lifecycle bostonsharehouse.github.io@0.0.0~start: Returned: code: 1  signal: null
13 info lifecycle bostonsharehouse.github.io@0.0.0~start: Failed to exec start script
14 verbose stack Error: bostonsharehouse.github.io@0.0.0 start: `nodejs app.js`
14 verbose stack Exit status 1
14 verbose stack     at EventEmitter.<anonymous> (/usr/lib/node_modules/npm/lib/utils/lifecycle.js:255:16)
14 verbose stack     at emitTwo (events.js:106:13)
14 verbose stack     at EventEmitter.emit (events.js:191:7)
14 verbose stack     at ChildProcess.<anonymous> (/usr/lib/node_modules/npm/lib/utils/spawn.js:40:14)
14 verbose stack     at emitTwo (events.js:106:13)
14 verbose stack     at ChildProcess.emit (events.js:191:7)
14 verbose stack     at maybeClose (internal/child_process.js:877:16)
14 verbose stack     at Process.ChildProcess._handle.onexit (internal/child_process.js:226:5)
15 verbose pkgid bostonsharehouse.github.io@0.0.0
16 verbose cwd /home/pi/bostonsharehouse.github.io
17 error Linux 4.4.21-v7+
18 error argv "/usr/bin/nodejs" "/usr/bin/npm" "start"
19 error node v6.9.2
20 error npm  v3.10.9
21 error code ELIFECYCLE
22 error bostonsharehouse.github.io@0.0.0 start: `nodejs app.js`
22 error Exit status 1
23 error Failed at the bostonsharehouse.github.io@0.0.0 start script 'nodejs app.js'.
23 error Make sure you have the latest version of node.js and npm installed.
23 error If you do, this is most likely a problem with the bostonsharehouse.github.io package,
23 error not with npm itself.
23 error Tell the author that this fails on your system:
23 error     nodejs app.js
23 error You can get information on how to open an issue for this project with:
23 error     npm bugs bostonsharehouse.github.io
23 error Or if that isn't available, you can get their info via:
23 error     npm owner ls bostonsharehouse.github.io
23 error There is likely additional logging output above.
24 verbose exit [ 1, true ]
